<?xml version="1.0" encoding="UTF-8"?>
<testng-results ignored="0" total="2" passed="2" failed="0" skipped="0">
  <reporter-output>
  </reporter-output>
  <suite started-at="2026-07-26T13:48:01 IST" name="Suite" finished-at="2026-07-26T13:48:18 IST" duration-ms="16800">
    <groups>
    </groups>
    <test started-at="2026-07-26T13:48:01 IST" name="Test" finished-at="2026-07-26T13:48:18 IST" duration-ms="16800">
      <class name="tests.LoginTest">
        <test-method is-config="true" signature="start()[pri:0, instance:tests.LoginTest@15eb5ee5]" started-at="2026-07-26T13:48:01 IST" name="start" finished-at="2026-07-26T13:48:13 IST" duration-ms="11703" status="PASS">
          <reporter-output>
          </reporter-output>
        </test-method> <!-- start -->
        <test-method signature="verifyLoginPageTitle()[pri:0, instance:tests.LoginTest@15eb5ee5]" started-at="2026-07-26T13:48:13 IST" name="verifyLoginPageTitle" finished-at="2026-07-26T13:48:14 IST" duration-ms="787" status="PASS">
          <reporter-output>
          </reporter-output>
        </test-method> <!-- verifyLoginPageTitle -->
        <test-method is-config="true" signature="end()[pri:0, instance:tests.LoginTest@15eb5ee5]" started-at="2026-07-26T13:48:14 IST" name="end" finished-at="2026-07-26T13:48:14 IST" duration-ms="705" status="PASS">
          <reporter-output>
          </reporter-output>
        </test-method> <!-- end -->
      </class> <!-- tests.LoginTest -->
      <class name="tests.E2ETest">
        <test-method is-config="true" signature="setupTest()[pri:0, instance:tests.E2ETest@dbf57b3]" started-at="2026-07-26T13:48:14 IST" name="setupTest" finished-at="2026-07-26T13:48:17 IST" duration-ms="2829" status="PASS">
          <reporter-output>
          </reporter-output>
        </test-method> <!-- setupTest -->
        <test-method signature="verifyUserCanAddProducts()[pri:0, instance:tests.E2ETest@dbf57b3]" started-at="2026-07-26T13:48:17 IST" name="verifyUserCanAddProducts" finished-at="2026-07-26T13:48:18 IST" duration-ms="697" status="PASS">
          <reporter-output>
          </reporter-output>
        </test-method> <!-- verifyUserCanAddProducts -->
      </class> <!-- tests.E2ETest -->
    </test> <!-- Test -->
  </suite> <!-- Suite -->
</testng-results>
